2025-04-20 05:15:02,053 [12] INFO  dotnetapp.Controllers.AuthenticationController - Received login request for email: nklsanthosh03@gmail.com
2025-04-20 05:15:03,187 [14] WARN  dotnetapp.Controllers.AuthenticationController - Login failed for email: nklsanthosh03@gmail.com. Reason: Invalid password
2025-04-20 05:15:11,150 [13] INFO  dotnetapp.Controllers.AuthenticationController - Received login request for email: nklsanthosh03@gmail.com
2025-04-20 05:15:11,921 [12] INFO  dotnetapp.Controllers.AuthenticationController - Login successful for email: nklsanthosh03@gmail.com
2025-04-20 05:15:51,139 [11] INFO  dotnetapp.Controllers.AuthenticationController - Received OTP verification request for login email: nklsanthosh03@gmail.com
2025-04-20 05:15:51,323 [19] INFO  dotnetapp.Controllers.AuthenticationController - OTP verification for login successful for email: nklsanthosh03@gmail.com
2025-04-20 05:37:25,668 [13] INFO  dotnetapp.Controllers.AuthenticationController - Received login request for email: nklsanthosh03@gmail.com
2025-04-20 05:37:27,597 [14] INFO  dotnetapp.Controllers.AuthenticationController - Login successful for email: nklsanthosh03@gmail.com
2025-04-20 06:51:06,830 [14] INFO  dotnetapp.Controllers.AuthenticationController - Received login request for email: nklsanthosh03@gmail.com
2025-04-20 06:51:08,879 [14] INFO  dotnetapp.Controllers.AuthenticationController - Login successful for email: nklsanthosh03@gmail.com
2025-04-20 07:18:19,477 [3] INFO  dotnetapp.Controllers.AuthenticationController - Received login request for email: deepikasankar973@gmail.com
2025-04-20 07:18:21,375 [16] INFO  dotnetapp.Controllers.AuthenticationController - Login successful for email: deepikasankar973@gmail.com
2025-04-20 07:18:41,293 [15] INFO  dotnetapp.Controllers.AuthenticationController - Received OTP verification request for login email: deepikasankar973@gmail.com
2025-04-20 07:18:41,403 [15] INFO  dotnetapp.Controllers.AuthenticationController - OTP verification for login successful for email: deepikasankar973@gmail.com
2025-04-20 07:21:52,250 [31] INFO  dotnetapp.Controllers.AuthenticationController - Received login request for email: deepikaitsit@gmail.com
2025-04-20 07:21:52,954 [30] INFO  dotnetapp.Controllers.AuthenticationController - Login successful for email: deepikaitsit@gmail.com
2025-04-20 07:22:50,417 [38] INFO  dotnetapp.Controllers.AuthenticationController - Received OTP verification request for login email: deepikaitsit@gmail.com
2025-04-20 07:22:50,437 [38] INFO  dotnetapp.Controllers.AuthenticationController - OTP verification for login successful for email: deepikaitsit@gmail.com
2025-04-20 07:27:22,734 [63] INFO  dotnetapp.Controllers.AuthenticationController - Received request to fetch details for userId: 1
2025-04-20 07:27:22,738 [59] INFO  dotnetapp.Controllers.AuthenticationController - User with ID 1 fetched successfully.
2025-04-20 07:27:35,371 [58] INFO  dotnetapp.Controllers.AuthenticationController - Received request to fetch details for userId: 1
2025-04-20 07:27:35,373 [64] INFO  dotnetapp.Controllers.AuthenticationController - User with ID 1 fetched successfully.
2025-04-20 07:27:35,626 [58] INFO  dotnetapp.Controllers.AuthenticationController - Received request to fetch details for userId: 1
2025-04-20 07:27:35,628 [64] INFO  dotnetapp.Controllers.AuthenticationController - User with ID 1 fetched successfully.
2025-04-20 07:27:35,882 [64] INFO  dotnetapp.Controllers.AuthenticationController - Received request to fetch details for userId: 1
2025-04-20 07:27:35,884 [58] INFO  dotnetapp.Controllers.AuthenticationController - User with ID 1 fetched successfully.
2025-04-20 07:27:36,140 [64] INFO  dotnetapp.Controllers.AuthenticationController - Received request to fetch details for userId: 1
2025-04-20 07:27:36,142 [58] INFO  dotnetapp.Controllers.AuthenticationController - User with ID 1 fetched successfully.
2025-04-20 07:27:36,411 [64] INFO  dotnetapp.Controllers.AuthenticationController - Received request to fetch details for userId: 1
2025-04-20 07:27:36,412 [61] INFO  dotnetapp.Controllers.AuthenticationController - User with ID 1 fetched successfully.
2025-04-20 07:30:10,216 [51] INFO  dotnetapp.Controllers.AuthenticationController - Received login request for email: deepikaitsit@gmail.com
2025-04-20 07:30:10,851 [50] INFO  dotnetapp.Controllers.AuthenticationController - Login successful for email: deepikaitsit@gmail.com
2025-04-20 07:30:44,648 [51] INFO  dotnetapp.Controllers.AuthenticationController - Received login request for email: deepikasankar973@gmail.com
2025-04-20 07:30:45,283 [52] INFO  dotnetapp.Controllers.AuthenticationController - Login successful for email: deepikasankar973@gmail.com
2025-04-20 07:30:58,274 [51] INFO  dotnetapp.Controllers.AuthenticationController - Received OTP verification request for login email: deepikasankar973@gmail.com
2025-04-20 07:42:02,115 [9] INFO  dotnetapp.Controllers.AuthenticationController - Received request to fetch details for userId: 1
2025-04-20 07:42:02,161 [18] INFO  dotnetapp.Controllers.AuthenticationController - User with ID 1 fetched successfully.
2025-04-20 07:42:07,468 [17] INFO  dotnetapp.Controllers.AuthenticationController - Received request to fetch details for userId: 1
2025-04-20 07:42:07,470 [20] INFO  dotnetapp.Controllers.AuthenticationController - User with ID 1 fetched successfully.
2025-04-20 07:42:10,450 [20] INFO  dotnetapp.Controllers.AuthenticationController - Received request to fetch details for userId: 1
2025-04-20 07:42:10,452 [20] INFO  dotnetapp.Controllers.AuthenticationController - User with ID 1 fetched successfully.
2025-04-20 07:42:27,565 [21] INFO  dotnetapp.Controllers.AuthenticationController - Received request to fetch details for userId: 1
2025-04-20 07:42:27,569 [21] INFO  dotnetapp.Controllers.AuthenticationController - User with ID 1 fetched successfully.
2025-04-20 07:42:44,137 [17] INFO  dotnetapp.Controllers.AuthenticationController - Received login request for email: chetankhandre007@gmail.com
2025-04-20 07:42:45,048 [7] INFO  dotnetapp.Controllers.AuthenticationController - Login successful for email: chetankhandre007@gmail.com
2025-04-20 07:43:21,883 [25] INFO  dotnetapp.Controllers.AuthenticationController - Received OTP verification request for login email: chetankhandre007@gmail.com
2025-04-20 07:43:21,916 [3] INFO  dotnetapp.Controllers.AuthenticationController - OTP verification for login successful for email: chetankhandre007@gmail.com
2025-04-20 08:16:38,309 [30] INFO  dotnetapp.Controllers.AuthenticationController - Received login request for email: chetankhandre.skn.comp@gmail.com
2025-04-20 08:16:39,182 [11] INFO  dotnetapp.Controllers.AuthenticationController - Login successful for email: chetankhandre.skn.comp@gmail.com
2025-04-20 08:17:05,348 [12] INFO  dotnetapp.Controllers.AuthenticationController - Received OTP verification request for login email: chetankhandre.skn.comp@gmail.com
2025-04-20 08:17:05,395 [29] INFO  dotnetapp.Controllers.AuthenticationController - OTP verification for login successful for email: chetankhandre.skn.comp@gmail.com
2025-04-20 08:17:31,482 [20] INFO  dotnetapp.Controllers.AuthenticationController - Received request to fetch details for userId: 1
2025-04-20 08:17:31,487 [9] INFO  dotnetapp.Controllers.AuthenticationController - User with ID 1 fetched successfully.
2025-04-20 08:20:18,569 [26] INFO  dotnetapp.Controllers.AuthenticationController - Received request to fetch details for userId: 1
2025-04-20 08:20:18,571 [26] INFO  dotnetapp.Controllers.AuthenticationController - User with ID 1 fetched successfully.
2025-04-20 08:24:26,963 [54] INFO  dotnetapp.Controllers.AuthenticationController - Received request to fetch details for userId: 1
2025-04-20 08:24:26,965 [54] INFO  dotnetapp.Controllers.AuthenticationController - User with ID 1 fetched successfully.
2025-04-20 08:26:05,714 [61] INFO  dotnetapp.Controllers.AuthenticationController - Received request to fetch details for userId: 1
2025-04-20 08:26:05,715 [61] INFO  dotnetapp.Controllers.AuthenticationController - User with ID 1 fetched successfully.
2025-04-20 08:26:24,876 [62] INFO  dotnetapp.Controllers.AuthenticationController - Received request to fetch details for userId: 1
2025-04-20 08:26:24,878 [65] INFO  dotnetapp.Controllers.AuthenticationController - User with ID 1 fetched successfully.
2025-04-20 08:26:35,871 [65] INFO  dotnetapp.Controllers.AuthenticationController - Received request to fetch details for userId: 1
2025-04-20 08:26:35,873 [67] INFO  dotnetapp.Controllers.AuthenticationController - User with ID 1 fetched successfully.
2025-04-20 08:27:35,367 [70] INFO  dotnetapp.Controllers.AuthenticationController - Received request to fetch details for userId: 1
2025-04-20 08:27:35,369 [70] INFO  dotnetapp.Controllers.AuthenticationController - User with ID 1 fetched successfully.
2025-04-20 08:27:43,395 [74] INFO  dotnetapp.Controllers.AuthenticationController - Received request to fetch details for userId: 1
2025-04-20 08:27:43,397 [72] INFO  dotnetapp.Controllers.AuthenticationController - User with ID 1 fetched successfully.
2025-04-20 08:29:58,724 [78] INFO  dotnetapp.Controllers.AuthenticationController - Received request to fetch details for userId: 1
2025-04-20 08:29:58,726 [79] INFO  dotnetapp.Controllers.AuthenticationController - User with ID 1 fetched successfully.
2025-04-20 08:32:35,886 [64] INFO  dotnetapp.Controllers.AuthenticationController - Received request to fetch details for userId: 1
2025-04-20 08:32:35,887 [65] INFO  dotnetapp.Controllers.AuthenticationController - User with ID 1 fetched successfully.
2025-04-20 08:37:12,639 [55] INFO  dotnetapp.Controllers.AuthenticationController - Received request to fetch details for userId: 1
2025-04-20 08:37:12,641 [52] INFO  dotnetapp.Controllers.AuthenticationController - User with ID 1 fetched successfully.
2025-04-20 08:37:41,659 [56] INFO  dotnetapp.Controllers.AuthenticationController - Received request to fetch details for userId: 1
2025-04-20 08:37:41,661 [50] INFO  dotnetapp.Controllers.AuthenticationController - User with ID 1 fetched successfully.
2025-04-20 08:37:55,350 [59] INFO  dotnetapp.Controllers.AuthenticationController - Received request to fetch details for userId: 1
2025-04-20 08:37:55,351 [52] INFO  dotnetapp.Controllers.AuthenticationController - User with ID 1 fetched successfully.
2025-04-20 09:23:51,751 [11] INFO  dotnetapp.Controllers.AuthenticationController - Received login request for email: chetankhandre.skn.comp@gmail.com
2025-04-20 09:23:52,988 [3] INFO  dotnetapp.Controllers.AuthenticationController - Received login request for email: chetankhandre.skn.comp@gmail.com
2025-04-20 09:23:53,944 [11] INFO  dotnetapp.Controllers.AuthenticationController - Login successful for email: chetankhandre.skn.comp@gmail.com
2025-04-20 09:23:54,222 [3] INFO  dotnetapp.Controllers.AuthenticationController - Login successful for email: chetankhandre.skn.comp@gmail.com
2025-04-20 09:24:12,587 [3] INFO  dotnetapp.Controllers.AuthenticationController - Received OTP verification request for login email: chetankhandre.skn.comp@gmail.com
2025-04-20 09:24:12,694 [22] INFO  dotnetapp.Controllers.AuthenticationController - OTP verification for login successful for email: chetankhandre.skn.comp@gmail.com
2025-04-20 09:25:13,162 [23] INFO  dotnetapp.Controllers.AuthenticationController - Received request to fetch details for userId: 1
2025-04-20 09:25:13,168 [24] INFO  dotnetapp.Controllers.AuthenticationController - User with ID 1 fetched successfully.
2025-04-20 09:25:48,742 [20] INFO  dotnetapp.Controllers.AuthenticationController - Received request to fetch details for userId: 1
2025-04-20 09:25:48,758 [21] INFO  dotnetapp.Controllers.AuthenticationController - User with ID 1 fetched successfully.
2025-04-20 09:26:28,984 [22] INFO  dotnetapp.Controllers.AuthenticationController - Received request to fetch details for userId: 1
2025-04-20 09:26:28,986 [20] INFO  dotnetapp.Controllers.AuthenticationController - User with ID 1 fetched successfully.
2025-04-20 09:27:54,142 [27] INFO  dotnetapp.Controllers.AuthenticationController - Received request to fetch details for userId: 1
2025-04-20 09:27:54,145 [27] INFO  dotnetapp.Controllers.AuthenticationController - User with ID 1 fetched successfully.
2025-04-20 09:28:53,862 [25] INFO  dotnetapp.Controllers.AuthenticationController - Received login request for email: chetankhandre007@gmail.com
2025-04-20 09:28:53,864 [25] WARN  dotnetapp.Controllers.AuthenticationController - Login failed for email: chetankhandre007@gmail.com. Reason: Invalid password
2025-04-20 09:29:03,903 [23] INFO  dotnetapp.Controllers.AuthenticationController - Received login request for email: chetankhandre007@gmail.com
2025-04-20 09:29:04,568 [25] INFO  dotnetapp.Controllers.AuthenticationController - Login successful for email: chetankhandre007@gmail.com
2025-04-20 09:29:25,066 [22] INFO  dotnetapp.Controllers.AuthenticationController - Received OTP verification request for login email: chetankhandre007@gmail.com
2025-04-20 09:29:25,088 [22] INFO  dotnetapp.Controllers.AuthenticationController - OTP verification for login successful for email: chetankhandre007@gmail.com
2025-04-20 09:38:03,025 [9] INFO  dotnetapp.Controllers.AuthenticationController - Received login request for email: chetankhandre.skn.comp@gmail.com
2025-04-20 09:38:03,631 [9] INFO  dotnetapp.Controllers.AuthenticationController - Login successful for email: chetankhandre.skn.comp@gmail.com
2025-04-20 09:38:23,486 [25] INFO  dotnetapp.Controllers.AuthenticationController - Received OTP verification request for login email: chetankhandre.skn.comp@gmail.com
2025-04-20 09:38:23,503 [24] INFO  dotnetapp.Controllers.AuthenticationController - OTP verification for login successful for email: chetankhandre.skn.comp@gmail.com
2025-04-20 09:38:39,844 [24] INFO  dotnetapp.Controllers.AuthenticationController - Received request to fetch details for userId: 1
2025-04-20 09:38:39,846 [9] INFO  dotnetapp.Controllers.AuthenticationController - User with ID 1 fetched successfully.
2025-04-20 09:40:37,700 [15] INFO  dotnetapp.Controllers.AuthenticationController - Received request to fetch details for userId: 1
2025-04-20 09:40:37,701 [15] INFO  dotnetapp.Controllers.AuthenticationController - User with ID 1 fetched successfully.
2025-04-20 09:44:59,111 [32] INFO  dotnetapp.Controllers.AuthenticationController - Received request to fetch details for userId: 1
2025-04-20 09:44:59,113 [34] INFO  dotnetapp.Controllers.AuthenticationController - User with ID 1 fetched successfully.
2025-04-20 09:47:20,243 [21] INFO  dotnetapp.Controllers.AuthenticationController - Received request to fetch details for userId: 1
2025-04-20 09:47:20,245 [12] INFO  dotnetapp.Controllers.AuthenticationController - User with ID 1 fetched successfully.
2025-04-20 09:48:48,586 [19] INFO  dotnetapp.Controllers.AuthenticationController - Received request to fetch details for userId: 1
2025-04-20 09:48:48,588 [28] INFO  dotnetapp.Controllers.AuthenticationController - User with ID 1 fetched successfully.
2025-04-20 09:49:07,040 [20] INFO  dotnetapp.Controllers.AuthenticationController - Received request to fetch details for userId: 1
2025-04-20 09:49:07,042 [24] INFO  dotnetapp.Controllers.AuthenticationController - User with ID 1 fetched successfully.
2025-04-20 09:49:22,712 [19] INFO  dotnetapp.Controllers.AuthenticationController - Received request to fetch details for userId: 1
2025-04-20 09:49:22,713 [20] INFO  dotnetapp.Controllers.AuthenticationController - User with ID 1 fetched successfully.
2025-04-20 09:49:33,297 [24] INFO  dotnetapp.Controllers.AuthenticationController - Received request to fetch details for userId: 1
2025-04-20 09:49:33,298 [18] INFO  dotnetapp.Controllers.AuthenticationController - User with ID 1 fetched successfully.
2025-04-20 09:49:57,727 [19] INFO  dotnetapp.Controllers.AuthenticationController - Received request to fetch details for userId: 1
2025-04-20 09:49:57,729 [24] INFO  dotnetapp.Controllers.AuthenticationController - User with ID 1 fetched successfully.
2025-04-20 09:51:49,632 [25] INFO  dotnetapp.Controllers.AuthenticationController - Received request to fetch details for userId: 1
2025-04-20 09:51:49,633 [32] INFO  dotnetapp.Controllers.AuthenticationController - User with ID 1 fetched successfully.
2025-04-20 09:54:13,487 [34] INFO  dotnetapp.Controllers.AuthenticationController - Received request to fetch details for userId: 1
2025-04-20 09:54:13,489 [34] INFO  dotnetapp.Controllers.AuthenticationController - User with ID 1 fetched successfully.
2025-04-20 09:54:18,356 [20] INFO  dotnetapp.Controllers.AuthenticationController - Received request to fetch details for userId: 1
2025-04-20 09:54:18,358 [20] INFO  dotnetapp.Controllers.AuthenticationController - User with ID 1 fetched successfully.
2025-04-20 09:56:58,393 [32] INFO  dotnetapp.Controllers.AuthenticationController - Received request to fetch details for userId: 1
2025-04-20 09:56:58,395 [3] INFO  dotnetapp.Controllers.AuthenticationController - User with ID 1 fetched successfully.
2025-04-20 09:59:30,301 [21] INFO  dotnetapp.Controllers.AuthenticationController - Received request to fetch details for userId: 1
2025-04-20 09:59:30,303 [21] INFO  dotnetapp.Controllers.AuthenticationController - User with ID 1 fetched successfully.
2025-04-20 10:01:40,029 [35] INFO  dotnetapp.Controllers.AuthenticationController - Received request to fetch details for userId: 1
2025-04-20 10:01:40,030 [35] INFO  dotnetapp.Controllers.AuthenticationController - User with ID 1 fetched successfully.
2025-04-20 10:03:36,533 [37] INFO  dotnetapp.Controllers.AuthenticationController - Received request to fetch details for userId: 1
2025-04-20 10:03:36,535 [37] INFO  dotnetapp.Controllers.AuthenticationController - User with ID 1 fetched successfully.
2025-04-20 10:04:42,722 [9] INFO  dotnetapp.Controllers.AuthenticationController - Received request to fetch details for userId: 1
2025-04-20 10:04:42,724 [9] INFO  dotnetapp.Controllers.AuthenticationController - User with ID 1 fetched successfully.
2025-04-20 10:04:46,469 [20] INFO  dotnetapp.Controllers.AuthenticationController - Received request to fetch details for userId: 1
2025-04-20 10:04:46,470 [39] INFO  dotnetapp.Controllers.AuthenticationController - User with ID 1 fetched successfully.
2025-04-20 10:05:16,561 [39] INFO  dotnetapp.Controllers.AuthenticationController - Received request to fetch details for userId: 1
2025-04-20 10:05:16,563 [39] INFO  dotnetapp.Controllers.AuthenticationController - User with ID 1 fetched successfully.
2025-04-20 10:05:19,056 [9] INFO  dotnetapp.Controllers.AuthenticationController - Received request to fetch details for userId: 1
2025-04-20 10:05:19,058 [9] INFO  dotnetapp.Controllers.AuthenticationController - User with ID 1 fetched successfully.
2025-04-20 10:05:19,603 [15] INFO  dotnetapp.Controllers.AuthenticationController - Received request to fetch details for userId: 1
2025-04-20 10:05:19,605 [20] INFO  dotnetapp.Controllers.AuthenticationController - User with ID 1 fetched successfully.
2025-04-20 10:05:43,125 [20] INFO  dotnetapp.Controllers.AuthenticationController - Received request to fetch details for userId: 1
2025-04-20 10:05:43,127 [15] INFO  dotnetapp.Controllers.AuthenticationController - User with ID 1 fetched successfully.
2025-04-20 10:08:16,563 [21] INFO  dotnetapp.Controllers.AuthenticationController - Received request to fetch details for userId: 1
2025-04-20 10:08:16,564 [21] INFO  dotnetapp.Controllers.AuthenticationController - User with ID 1 fetched successfully.
2025-04-20 10:08:28,378 [25] INFO  dotnetapp.Controllers.AuthenticationController - Received request to fetch details for userId: 1
2025-04-20 10:08:28,379 [25] INFO  dotnetapp.Controllers.AuthenticationController - User with ID 1 fetched successfully.
2025-04-20 10:08:47,503 [27] INFO  dotnetapp.Controllers.AuthenticationController - Received request to fetch details for userId: 1
2025-04-20 10:08:47,505 [27] INFO  dotnetapp.Controllers.AuthenticationController - User with ID 1 fetched successfully.
2025-04-20 10:10:59,151 [43] INFO  dotnetapp.Controllers.AuthenticationController - Received request to fetch details for userId: 1
2025-04-20 10:10:59,153 [41] INFO  dotnetapp.Controllers.AuthenticationController - User with ID 1 fetched successfully.
2025-04-20 10:12:11,854 [45] INFO  dotnetapp.Controllers.AuthenticationController - Received request to fetch details for userId: 1
2025-04-20 10:12:11,856 [46] INFO  dotnetapp.Controllers.AuthenticationController - User with ID 1 fetched successfully.
2025-04-20 10:12:30,652 [49] INFO  dotnetapp.Controllers.AuthenticationController - Received request to fetch details for userId: 1
2025-04-20 10:12:30,654 [47] INFO  dotnetapp.Controllers.AuthenticationController - User with ID 1 fetched successfully.
2025-04-20 10:13:12,516 [46] INFO  dotnetapp.Controllers.AuthenticationController - Received request to fetch details for userId: 1
2025-04-20 10:13:12,518 [49] INFO  dotnetapp.Controllers.AuthenticationController - User with ID 1 fetched successfully.
2025-04-20 07:22:01,465 [19] INFO  dotnetapp.Controllers.AuthenticationController - Received login request for email: nklsanthosh03@gmail.com
2025-04-20 07:22:02,364 [3] INFO  dotnetapp.Controllers.AuthenticationController - Login successful for email: nklsanthosh03@gmail.com
2025-04-20 07:22:36,244 [22] INFO  dotnetapp.Controllers.AuthenticationController - Received OTP verification request for login email: nklsanthosh03@gmail.com
2025-04-20 07:22:36,328 [26] INFO  dotnetapp.Controllers.AuthenticationController - OTP verification for login successful for email: nklsanthosh03@gmail.com
2025-04-20 07:30:41,298 [22] INFO  dotnetapp.Controllers.AuthenticationController - Received registration request for email: sayhisanthosh@gmail.com
2025-04-20 07:30:41,311 [22] WARN  dotnetapp.Controllers.AuthenticationController - Registration failed for email: sayhisanthosh@gmail.com. Reason: User already exists
2025-04-20 07:31:06,149 [23] INFO  dotnetapp.Controllers.AuthenticationController - Received registration request for email: sayhisanthosh@gmail.com
2025-04-20 07:31:06,151 [23] WARN  dotnetapp.Controllers.AuthenticationController - Registration failed for email: sayhisanthosh@gmail.com. Reason: User already exists
2025-04-20 07:31:20,531 [23] INFO  dotnetapp.Controllers.AuthenticationController - Received login request for email: sayhisanthosh@gmail.com
2025-04-20 07:31:21,235 [28] INFO  dotnetapp.Controllers.AuthenticationController - Login successful for email: sayhisanthosh@gmail.com
2025-04-20 07:32:11,647 [29] INFO  dotnetapp.Controllers.AuthenticationController - Received OTP verification request for login email: sayhisanthosh@gmail.com
2025-04-20 07:32:11,666 [29] INFO  dotnetapp.Controllers.AuthenticationController - OTP verification for login successful for email: sayhisanthosh@gmail.com
2025-04-20 07:32:24,732 [33] INFO  dotnetapp.Controllers.AuthenticationController - Received request to fetch details for userId: 2
2025-04-20 07:32:24,737 [34] INFO  dotnetapp.Controllers.AuthenticationController - User with ID 2 fetched successfully.
2025-04-20 07:33:07,361 [36] INFO  dotnetapp.Controllers.AuthenticationController - Received request to fetch details for userId: 2
2025-04-20 07:33:07,363 [33] INFO  dotnetapp.Controllers.AuthenticationController - User with ID 2 fetched successfully.
2025-04-20 07:33:14,265 [22] INFO  dotnetapp.Controllers.AuthenticationController - Received request to fetch details for userId: 2
2025-04-20 07:33:14,266 [22] INFO  dotnetapp.Controllers.AuthenticationController - User with ID 2 fetched successfully.
2025-04-20 07:33:28,449 [22] INFO  dotnetapp.Controllers.AuthenticationController - Received request to fetch details for userId: 2
2025-04-20 07:33:28,451 [28] INFO  dotnetapp.Controllers.AuthenticationController - User with ID 2 fetched successfully.
2025-04-20 07:33:46,417 [33] INFO  dotnetapp.Controllers.AuthenticationController - Received request to fetch details for userId: 2
2025-04-20 07:33:46,419 [20] INFO  dotnetapp.Controllers.AuthenticationController - User with ID 2 fetched successfully.
2025-04-20 07:35:14,978 [31] INFO  dotnetapp.Controllers.AuthenticationController - Received request to fetch details for userId: 2
2025-04-20 07:35:14,980 [23] INFO  dotnetapp.Controllers.AuthenticationController - User with ID 2 fetched successfully.
2025-04-20 07:35:35,555 [35] INFO  dotnetapp.Controllers.AuthenticationController - Received request to fetch details for userId: 2
2025-04-20 07:35:35,557 [35] INFO  dotnetapp.Controllers.AuthenticationController - User with ID 2 fetched successfully.
2025-04-20 07:35:40,946 [34] INFO  dotnetapp.Controllers.AuthenticationController - Received request to fetch details for userId: 2
2025-04-20 07:35:40,948 [31] INFO  dotnetapp.Controllers.AuthenticationController - User with ID 2 fetched successfully.
2025-04-20 07:35:59,243 [31] INFO  dotnetapp.Controllers.AuthenticationController - Received request to fetch details for userId: 2
2025-04-20 07:35:59,245 [35] INFO  dotnetapp.Controllers.AuthenticationController - User with ID 2 fetched successfully.
2025-04-20 07:36:20,006 [20] INFO  dotnetapp.Controllers.AuthenticationController - Received request to fetch details for userId: 2
2025-04-20 07:36:20,007 [20] INFO  dotnetapp.Controllers.AuthenticationController - User with ID 2 fetched successfully.
2025-04-20 07:36:49,382 [22] INFO  dotnetapp.Controllers.AuthenticationController - Received request to fetch details for userId: 2
2025-04-20 07:36:49,383 [30] INFO  dotnetapp.Controllers.AuthenticationController - User with ID 2 fetched successfully.
2025-04-20 07:37:36,821 [32] INFO  dotnetapp.Controllers.AuthenticationController - Received request to fetch details for userId: 2
2025-04-20 07:37:36,823 [30] INFO  dotnetapp.Controllers.AuthenticationController - User with ID 2 fetched successfully.
2025-04-20 07:37:56,715 [30] INFO  dotnetapp.Controllers.AuthenticationController - Received request to fetch details for userId: 2
2025-04-20 07:37:56,716 [32] INFO  dotnetapp.Controllers.AuthenticationController - User with ID 2 fetched successfully.
2025-04-20 07:39:33,850 [27] INFO  dotnetapp.Controllers.AuthenticationController - Received request to fetch details for userId: 2
2025-04-20 07:39:33,852 [27] INFO  dotnetapp.Controllers.AuthenticationController - User with ID 2 fetched successfully.
2025-04-20 07:43:32,155 [24] INFO  dotnetapp.Controllers.AuthenticationController - Received request to fetch details for userId: 2
2025-04-20 07:43:32,157 [24] INFO  dotnetapp.Controllers.AuthenticationController - User with ID 2 fetched successfully.
2025-04-20 07:44:11,930 [12] INFO  dotnetapp.Controllers.AuthenticationController - Received request to fetch details for userId: 2
2025-04-20 07:44:11,932 [12] INFO  dotnetapp.Controllers.AuthenticationController - User with ID 2 fetched successfully.
2025-04-20 07:48:43,765 [32] INFO  dotnetapp.Controllers.AuthenticationController - Received request to fetch details for userId: 2
2025-04-20 07:48:43,767 [12] INFO  dotnetapp.Controllers.AuthenticationController - User with ID 2 fetched successfully.
2025-04-20 07:53:26,401 [9] INFO  dotnetapp.Controllers.AuthenticationController - Received request to fetch details for userId: 2
2025-04-20 07:53:26,402 [3] INFO  dotnetapp.Controllers.AuthenticationController - User with ID 2 fetched successfully.
2025-04-20 07:57:41,602 [33] INFO  dotnetapp.Controllers.AuthenticationController - Received request to fetch details for userId: 2
2025-04-20 07:57:41,604 [14] INFO  dotnetapp.Controllers.AuthenticationController - User with ID 2 fetched successfully.
2025-04-20 08:04:06,937 [40] INFO  dotnetapp.Controllers.AuthenticationController - Received request to fetch details for userId: 2
2025-04-20 08:04:06,939 [42] INFO  dotnetapp.Controllers.AuthenticationController - User with ID 2 fetched successfully.
2025-04-20 08:08:14,584 [18] INFO  dotnetapp.Controllers.AuthenticationController - Received request to fetch details for userId: 2
2025-04-20 08:08:14,585 [13] INFO  dotnetapp.Controllers.AuthenticationController - User with ID 2 fetched successfully.
2025-04-20 08:14:00,489 [39] INFO  dotnetapp.Controllers.AuthenticationController - Received request to fetch details for userId: 2
2025-04-20 08:14:00,490 [39] INFO  dotnetapp.Controllers.AuthenticationController - User with ID 2 fetched successfully.
2025-04-20 08:19:09,306 [27] INFO  dotnetapp.Controllers.AuthenticationController - Received request to fetch details for userId: 2
2025-04-20 08:19:09,308 [27] INFO  dotnetapp.Controllers.AuthenticationController - User with ID 2 fetched successfully.
2025-04-20 08:24:15,081 [33] INFO  dotnetapp.Controllers.AuthenticationController - Received request to fetch details for userId: 2
2025-04-20 08:24:15,083 [20] INFO  dotnetapp.Controllers.AuthenticationController - User with ID 2 fetched successfully.
2025-04-20 08:30:28,621 [38] INFO  dotnetapp.Controllers.AuthenticationController - Received request to fetch details for userId: 2
2025-04-20 08:30:28,623 [38] INFO  dotnetapp.Controllers.AuthenticationController - User with ID 2 fetched successfully.
2025-04-20 09:05:48,753 [113] INFO  dotnetapp.Controllers.AuthenticationController - Received login request for email: sayhisanthosh@gmail.com
2025-04-20 09:05:49,545 [108] INFO  dotnetapp.Controllers.AuthenticationController - Login successful for email: sayhisanthosh@gmail.com
2025-04-20 09:06:40,245 [105] INFO  dotnetapp.Controllers.AuthenticationController - Received login request for email: sayhisanthosh@gmail.com
2025-04-20 09:06:40,867 [105] INFO  dotnetapp.Controllers.AuthenticationController - Login successful for email: sayhisanthosh@gmail.com
2025-04-20 09:07:08,605 [102] INFO  dotnetapp.Controllers.AuthenticationController - Received OTP verification request for login email: sayhisanthosh@gmail.com
2025-04-20 09:07:08,623 [103] INFO  dotnetapp.Controllers.AuthenticationController - OTP verification for login successful for email: sayhisanthosh@gmail.com
2025-04-20 09:29:01,055 [20] INFO  dotnetapp.Controllers.AuthenticationController - Received request to fetch details for userId: 2
2025-04-20 09:29:01,134 [20] INFO  dotnetapp.Controllers.AuthenticationController - User with ID 2 fetched successfully.
2025-04-20 09:31:34,002 [13] INFO  dotnetapp.Controllers.AuthenticationController - Received request to fetch details for userId: 2
2025-04-20 09:31:34,004 [3] INFO  dotnetapp.Controllers.AuthenticationController - User with ID 2 fetched successfully.
2025-04-20 09:32:31,858 [13] INFO  dotnetapp.Controllers.AuthenticationController - Received request to fetch details for userId: 2
2025-04-20 09:32:31,860 [26] INFO  dotnetapp.Controllers.AuthenticationController - User with ID 2 fetched successfully.
2025-04-20 09:33:09,809 [13] INFO  dotnetapp.Controllers.AuthenticationController - Received request to fetch details for userId: 2
2025-04-20 09:33:09,811 [13] INFO  dotnetapp.Controllers.AuthenticationController - User with ID 2 fetched successfully.
2025-04-20 09:36:45,132 [21] INFO  dotnetapp.Controllers.AuthenticationController - Received request to fetch details for userId: 2
2025-04-20 09:36:45,142 [27] INFO  dotnetapp.Controllers.AuthenticationController - User with ID 2 fetched successfully.
2025-04-20 09:37:02,774 [31] INFO  dotnetapp.Controllers.AuthenticationController - Received request to fetch details for userId: 2
2025-04-20 09:37:02,783 [29] INFO  dotnetapp.Controllers.AuthenticationController - User with ID 2 fetched successfully.
2025-04-20 09:37:43,964 [14] INFO  dotnetapp.Controllers.AuthenticationController - Received request to fetch details for userId: 2
2025-04-20 09:37:43,966 [25] INFO  dotnetapp.Controllers.AuthenticationController - User with ID 2 fetched successfully.
2025-04-20 09:39:00,473 [20] INFO  dotnetapp.Controllers.AuthenticationController - Received request to fetch details for userId: 2
2025-04-20 09:39:00,475 [20] INFO  dotnetapp.Controllers.AuthenticationController - User with ID 2 fetched successfully.
2025-04-20 09:39:08,200 [3] INFO  dotnetapp.Controllers.AuthenticationController - Received request to fetch details for userId: 2
2025-04-20 09:39:08,202 [22] INFO  dotnetapp.Controllers.AuthenticationController - User with ID 2 fetched successfully.
2025-04-20 09:43:52,231 [37] INFO  dotnetapp.Controllers.AuthenticationController - Received request to fetch details for userId: 2
2025-04-20 09:43:52,233 [36] INFO  dotnetapp.Controllers.AuthenticationController - User with ID 2 fetched successfully.
2025-04-20 09:48:09,122 [26] INFO  dotnetapp.Controllers.AuthenticationController - Received request to fetch details for userId: 2
2025-04-20 09:48:09,124 [20] INFO  dotnetapp.Controllers.AuthenticationController - User with ID 2 fetched successfully.
2025-04-20 09:48:19,219 [18] INFO  dotnetapp.Controllers.AuthenticationController - Received request to fetch details for userId: 2
2025-04-20 09:48:19,221 [21] INFO  dotnetapp.Controllers.AuthenticationController - User with ID 2 fetched successfully.
2025-04-20 09:48:27,197 [18] INFO  dotnetapp.Controllers.AuthenticationController - Received request to fetch details for userId: 2
2025-04-20 09:48:27,199 [22] INFO  dotnetapp.Controllers.AuthenticationController - User with ID 2 fetched successfully.
2025-04-20 09:48:33,358 [27] INFO  dotnetapp.Controllers.AuthenticationController - Received request to fetch details for userId: 2
2025-04-20 09:48:33,360 [18] INFO  dotnetapp.Controllers.AuthenticationController - User with ID 2 fetched successfully.
2025-04-20 09:50:38,021 [12] INFO  dotnetapp.Controllers.AuthenticationController - Received request to fetch details for userId: 2
2025-04-20 09:50:38,023 [12] INFO  dotnetapp.Controllers.AuthenticationController - User with ID 2 fetched successfully.
2025-04-20 09:51:05,066 [26] INFO  dotnetapp.Controllers.AuthenticationController - Received request to fetch details for userId: 2
2025-04-20 09:51:05,068 [13] INFO  dotnetapp.Controllers.AuthenticationController - User with ID 2 fetched successfully.
2025-04-20 09:53:03,176 [35] INFO  dotnetapp.Controllers.AuthenticationController - Received request to fetch details for userId: 2
2025-04-20 09:53:03,178 [12] INFO  dotnetapp.Controllers.AuthenticationController - User with ID 2 fetched successfully.
2025-04-20 09:53:19,033 [35] INFO  dotnetapp.Controllers.AuthenticationController - Received request to fetch details for userId: 2
2025-04-20 09:53:19,035 [39] INFO  dotnetapp.Controllers.AuthenticationController - User with ID 2 fetched successfully.
2025-04-20 09:53:58,595 [39] INFO  dotnetapp.Controllers.AuthenticationController - Received request to fetch details for userId: 2
2025-04-20 09:53:58,596 [39] INFO  dotnetapp.Controllers.AuthenticationController - User with ID 2 fetched successfully.
2025-04-20 09:54:08,662 [30] INFO  dotnetapp.Controllers.AuthenticationController - Received request to fetch details for userId: 2
2025-04-20 09:54:08,700 [30] INFO  dotnetapp.Controllers.AuthenticationController - User with ID 2 fetched successfully.
2025-04-20 09:57:27,668 [22] INFO  dotnetapp.Controllers.AuthenticationController - Received request to fetch details for userId: 2
2025-04-20 09:57:27,670 [22] INFO  dotnetapp.Controllers.AuthenticationController - User with ID 2 fetched successfully.
2025-04-20 09:59:05,160 [12] INFO  dotnetapp.Controllers.AuthenticationController - Received request to fetch details for userId: 2
2025-04-20 09:59:05,162 [26] INFO  dotnetapp.Controllers.AuthenticationController - User with ID 2 fetched successfully.
2025-04-20 10:02:04,225 [28] INFO  dotnetapp.Controllers.AuthenticationController - Received request to fetch details for userId: 2
2025-04-20 10:02:04,227 [36] INFO  dotnetapp.Controllers.AuthenticationController - User with ID 2 fetched successfully.
2025-04-20 10:02:55,540 [3] INFO  dotnetapp.Controllers.AuthenticationController - Received login request for email: nklsanthosh03@gmail.com
2025-04-20 10:02:56,180 [40] INFO  dotnetapp.Controllers.AuthenticationController - Login successful for email: nklsanthosh03@gmail.com
2025-04-20 10:03:27,761 [3] INFO  dotnetapp.Controllers.AuthenticationController - Received OTP verification request for login email: nklsanthosh03@gmail.com
2025-04-20 10:03:27,814 [3] INFO  dotnetapp.Controllers.AuthenticationController - OTP verification for login successful for email: nklsanthosh03@gmail.com
2025-04-20 10:03:41,966 [46] INFO  dotnetapp.Controllers.AuthenticationController - Received request to fetch details for userId: 2
2025-04-20 10:03:41,968 [3] INFO  dotnetapp.Controllers.AuthenticationController - User with ID 2 fetched successfully.
2025-04-20 10:21:43,628 [27] INFO  dotnetapp.Controllers.AuthenticationController - Received login request for email: sayhisanthosh@gmail.com
2025-04-20 10:21:44,276 [37] INFO  dotnetapp.Controllers.AuthenticationController - Login successful for email: sayhisanthosh@gmail.com
2025-04-20 10:22:11,671 [37] INFO  dotnetapp.Controllers.AuthenticationController - Received OTP verification request for login email: sayhisanthosh@gmail.com
2025-04-20 10:22:11,689 [27] INFO  dotnetapp.Controllers.AuthenticationController - OTP verification for login successful for email: sayhisanthosh@gmail.com
2025-04-20 10:24:08,910 [19] INFO  dotnetapp.Controllers.AuthenticationController - Received request to fetch details for userId: 2
2025-04-20 10:24:08,912 [32] INFO  dotnetapp.Controllers.AuthenticationController - User with ID 2 fetched successfully.
2025-04-20 10:25:12,040 [41] INFO  dotnetapp.Controllers.AuthenticationController - Received request to fetch details for userId: 2
2025-04-20 10:25:12,043 [24] INFO  dotnetapp.Controllers.AuthenticationController - User with ID 2 fetched successfully.
2025-04-20 10:25:55,879 [24] INFO  dotnetapp.Controllers.AuthenticationController - Received request to fetch details for userId: 2
2025-04-20 10:25:55,881 [31] INFO  dotnetapp.Controllers.AuthenticationController - User with ID 2 fetched successfully.
2025-04-20 10:25:56,321 [24] INFO  dotnetapp.Controllers.AuthenticationController - Received request to fetch details for userId: 2
2025-04-20 10:25:56,322 [24] INFO  dotnetapp.Controllers.AuthenticationController - User with ID 2 fetched successfully.
2025-04-20 10:25:56,874 [31] INFO  dotnetapp.Controllers.AuthenticationController - Received request to fetch details for userId: 2
2025-04-20 10:25:56,876 [24] INFO  dotnetapp.Controllers.AuthenticationController - User with ID 2 fetched successfully.
2025-04-20 10:25:57,394 [37] INFO  dotnetapp.Controllers.AuthenticationController - Received request to fetch details for userId: 2
2025-04-20 10:25:57,397 [31] INFO  dotnetapp.Controllers.AuthenticationController - User with ID 2 fetched successfully.
2025-04-20 10:25:57,798 [37] INFO  dotnetapp.Controllers.AuthenticationController - Received request to fetch details for userId: 2
2025-04-20 10:25:57,799 [23] INFO  dotnetapp.Controllers.AuthenticationController - User with ID 2 fetched successfully.
2025-04-20 10:25:58,121 [41] INFO  dotnetapp.Controllers.AuthenticationController - Received request to fetch details for userId: 2
2025-04-20 10:25:58,123 [12] INFO  dotnetapp.Controllers.AuthenticationController - User with ID 2 fetched successfully.
2025-04-20 10:26:55,629 [20] INFO  dotnetapp.Controllers.AuthenticationController - Received request to fetch details for userId: 2
2025-04-20 10:26:55,631 [37] INFO  dotnetapp.Controllers.AuthenticationController - User with ID 2 fetched successfully.
2025-04-20 10:29:37,830 [20] INFO  dotnetapp.Controllers.AuthenticationController - Received request to fetch details for userId: 2
2025-04-20 10:29:37,832 [20] INFO  dotnetapp.Controllers.AuthenticationController - User with ID 2 fetched successfully.
2025-04-20 10:30:10,257 [41] INFO  dotnetapp.Controllers.AuthenticationController - Received request to fetch details for userId: 2
2025-04-20 10:30:10,258 [24] INFO  dotnetapp.Controllers.AuthenticationController - User with ID 2 fetched successfully.
2025-04-20 10:30:45,610 [37] INFO  dotnetapp.Controllers.AuthenticationController - Received request to fetch details for userId: 2
2025-04-20 10:30:45,612 [12] INFO  dotnetapp.Controllers.AuthenticationController - User with ID 2 fetched successfully.
2025-04-20 10:31:14,280 [31] INFO  dotnetapp.Controllers.AuthenticationController - Received request to fetch details for userId: 2
2025-04-20 10:31:14,282 [31] INFO  dotnetapp.Controllers.AuthenticationController - User with ID 2 fetched successfully.
2025-04-20 10:37:34,421 [42] INFO  dotnetapp.Controllers.AuthenticationController - Received request to fetch details for userId: 2
2025-04-20 10:37:34,423 [3] INFO  dotnetapp.Controllers.AuthenticationController - User with ID 2 fetched successfully.
2025-04-20 10:42:55,415 [42] INFO  dotnetapp.Controllers.AuthenticationController - Received request to fetch details for userId: 2
2025-04-20 10:42:55,417 [22] INFO  dotnetapp.Controllers.AuthenticationController - User with ID 2 fetched successfully.
2025-04-20 10:45:28,026 [21] INFO  dotnetapp.Controllers.AuthenticationController - Received request to fetch details for userId: 2
2025-04-20 10:45:28,028 [35] INFO  dotnetapp.Controllers.AuthenticationController - User with ID 2 fetched successfully.
2025-04-20 10:52:45,826 [13] INFO  dotnetapp.Controllers.AuthenticationController - Received login request for email: nklsanthosh03@gmail.com
2025-04-20 10:52:46,566 [14] INFO  dotnetapp.Controllers.AuthenticationController - Login successful for email: nklsanthosh03@gmail.com
2025-04-20 10:57:55,415 [29] INFO  dotnetapp.Controllers.AuthenticationController - Received login request for email: sayhisanthosh@gmail.com
2025-04-20 10:57:56,079 [29] INFO  dotnetapp.Controllers.AuthenticationController - Login successful for email: sayhisanthosh@gmail.com
2025-04-20 10:58:25,728 [29] INFO  dotnetapp.Controllers.AuthenticationController - Received OTP verification request for login email: sayhisanthosh@gmail.com
2025-04-20 10:58:25,746 [12] INFO  dotnetapp.Controllers.AuthenticationController - OTP verification for login successful for email: sayhisanthosh@gmail.com
2025-04-20 11:09:08,571 [26] INFO  dotnetapp.Controllers.AuthenticationController - Received registration request for email: itsme25062000@gmail.com
2025-04-20 11:09:09,268 [18] INFO  dotnetapp.Controllers.AuthenticationController - Registration successful for email: itsme25062000@gmail.com
2025-04-20 11:11:10,828 [48] INFO  dotnetapp.Controllers.AuthenticationController - Received OTP verification request for email: itsme25062000@gmail.com
2025-04-20 11:11:10,852 [51] INFO  dotnetapp.Controllers.AuthenticationController - OTP verification successful for email: itsme25062000@gmail.com
2025-04-20 11:12:31,379 [57] INFO  dotnetapp.Controllers.AuthenticationController - Received login request for email: itsme25062000@gmail.com
2025-04-20 11:12:31,922 [57] INFO  dotnetapp.Controllers.AuthenticationController - Login successful for email: itsme25062000@gmail.com
2025-04-20 11:12:44,741 [58] INFO  dotnetapp.Controllers.AuthenticationController - Received OTP verification request for login email: itsme25062000@gmail.com
2025-04-20 11:12:44,758 [61] INFO  dotnetapp.Controllers.AuthenticationController - OTP verification for login successful for email: itsme25062000@gmail.com
2025-04-20 11:16:09,519 [19] INFO  dotnetapp.Controllers.AuthenticationController - Received login request for email: sayhisanthosh@gmail.com
2025-04-20 11:16:09,978 [19] INFO  dotnetapp.Controllers.AuthenticationController - Login successful for email: sayhisanthosh@gmail.com
2025-04-20 11:16:31,524 [19] INFO  dotnetapp.Controllers.AuthenticationController - Received OTP verification request for login email: sayhisanthosh@gmail.com
2025-04-20 11:16:31,542 [19] INFO  dotnetapp.Controllers.AuthenticationController - OTP verification for login successful for email: sayhisanthosh@gmail.com
2025-04-20 11:20:23,110 [52] INFO  dotnetapp.Controllers.AuthenticationController - Received request to fetch details for userId: 2
2025-04-20 11:20:23,112 [51] INFO  dotnetapp.Controllers.AuthenticationController - User with ID 2 fetched successfully.
2025-04-20 11:21:00,578 [51] INFO  dotnetapp.Controllers.AuthenticationController - Received request to fetch details for userId: 2
2025-04-20 11:21:00,581 [54] INFO  dotnetapp.Controllers.AuthenticationController - User with ID 2 fetched successfully.
2025-04-20 11:21:01,286 [49] INFO  dotnetapp.Controllers.AuthenticationController - Received request to fetch details for userId: 2
2025-04-20 11:21:01,288 [49] INFO  dotnetapp.Controllers.AuthenticationController - User with ID 2 fetched successfully.
2025-04-20 11:21:01,560 [49] INFO  dotnetapp.Controllers.AuthenticationController - Received request to fetch details for userId: 2
2025-04-20 11:21:01,563 [52] INFO  dotnetapp.Controllers.AuthenticationController - User with ID 2 fetched successfully.
2025-04-20 11:21:01,834 [48] INFO  dotnetapp.Controllers.AuthenticationController - Received request to fetch details for userId: 2
2025-04-20 11:21:01,836 [48] INFO  dotnetapp.Controllers.AuthenticationController - User with ID 2 fetched successfully.
2025-04-20 11:21:02,101 [48] INFO  dotnetapp.Controllers.AuthenticationController - Received request to fetch details for userId: 2
2025-04-20 11:21:02,103 [52] INFO  dotnetapp.Controllers.AuthenticationController - User with ID 2 fetched successfully.
2025-04-20 11:21:20,112 [49] INFO  dotnetapp.Controllers.AuthenticationController - Received request to fetch details for userId: 2
2025-04-20 11:21:20,114 [49] INFO  dotnetapp.Controllers.AuthenticationController - User with ID 2 fetched successfully.
2025-04-20 11:21:20,858 [52] INFO  dotnetapp.Controllers.AuthenticationController - Received request to fetch details for userId: 2
2025-04-20 11:21:20,860 [54] INFO  dotnetapp.Controllers.AuthenticationController - User with ID 2 fetched successfully.
2025-04-20 11:21:21,190 [54] INFO  dotnetapp.Controllers.AuthenticationController - Received request to fetch details for userId: 2
2025-04-20 11:21:21,192 [48] INFO  dotnetapp.Controllers.AuthenticationController - User with ID 2 fetched successfully.
2025-04-20 11:21:42,130 [53] INFO  dotnetapp.Controllers.AuthenticationController - Received request to fetch details for userId: 2
2025-04-20 11:21:42,132 [48] INFO  dotnetapp.Controllers.AuthenticationController - User with ID 2 fetched successfully.
2025-04-20 11:21:42,418 [48] INFO  dotnetapp.Controllers.AuthenticationController - Received request to fetch details for userId: 2
2025-04-20 11:21:42,419 [48] INFO  dotnetapp.Controllers.AuthenticationController - User with ID 2 fetched successfully.
2025-04-20 11:21:42,780 [48] INFO  dotnetapp.Controllers.AuthenticationController - Received request to fetch details for userId: 2
2025-04-20 11:21:42,782 [48] INFO  dotnetapp.Controllers.AuthenticationController - User with ID 2 fetched successfully.
2025-04-20 11:21:43,134 [48] INFO  dotnetapp.Controllers.AuthenticationController - Received request to fetch details for userId: 2
2025-04-20 11:21:43,136 [35] INFO  dotnetapp.Controllers.AuthenticationController - User with ID 2 fetched successfully.
2025-04-20 11:21:43,490 [35] INFO  dotnetapp.Controllers.AuthenticationController - Received request to fetch details for userId: 2
2025-04-20 11:21:43,492 [48] INFO  dotnetapp.Controllers.AuthenticationController - User with ID 2 fetched successfully.
2025-04-20 11:21:43,500 [48] INFO  dotnetapp.Controllers.AuthenticationController - Received request to fetch details for userId: 2
2025-04-20 11:21:43,502 [35] INFO  dotnetapp.Controllers.AuthenticationController - User with ID 2 fetched successfully.
2025-04-20 11:24:06,009 [28] INFO  dotnetapp.Controllers.AuthenticationController - Received request to fetch details for userId: 2
2025-04-20 11:24:06,011 [19] INFO  dotnetapp.Controllers.AuthenticationController - User with ID 2 fetched successfully.
2025-04-20 11:24:06,265 [12] INFO  dotnetapp.Controllers.AuthenticationController - Received request to fetch details for userId: 2
2025-04-20 11:24:06,266 [47] INFO  dotnetapp.Controllers.AuthenticationController - User with ID 2 fetched successfully.
2025-04-20 11:24:06,562 [19] INFO  dotnetapp.Controllers.AuthenticationController - Received request to fetch details for userId: 2
2025-04-20 11:24:06,564 [19] INFO  dotnetapp.Controllers.AuthenticationController - User with ID 2 fetched successfully.
2025-04-20 11:24:06,853 [19] INFO  dotnetapp.Controllers.AuthenticationController - Received request to fetch details for userId: 2
2025-04-20 11:24:06,855 [47] INFO  dotnetapp.Controllers.AuthenticationController - User with ID 2 fetched successfully.
2025-04-20 11:24:07,136 [12] INFO  dotnetapp.Controllers.AuthenticationController - Received request to fetch details for userId: 2
2025-04-20 11:24:07,137 [12] INFO  dotnetapp.Controllers.AuthenticationController - User with ID 2 fetched successfully.
2025-04-20 11:24:07,490 [12] INFO  dotnetapp.Controllers.AuthenticationController - Received request to fetch details for userId: 2
2025-04-20 11:24:07,491 [28] INFO  dotnetapp.Controllers.AuthenticationController - User with ID 2 fetched successfully.
2025-04-20 11:28:37,771 [34] INFO  dotnetapp.Controllers.AuthenticationController - Received request to fetch details for userId: 2
2025-04-20 11:28:37,773 [34] INFO  dotnetapp.Controllers.AuthenticationController - User with ID 2 fetched successfully.
2025-04-20 11:28:38,050 [23] INFO  dotnetapp.Controllers.AuthenticationController - Received request to fetch details for userId: 2
2025-04-20 11:28:38,052 [20] INFO  dotnetapp.Controllers.AuthenticationController - User with ID 2 fetched successfully.
2025-04-20 11:28:38,348 [23] INFO  dotnetapp.Controllers.AuthenticationController - Received request to fetch details for userId: 2
2025-04-20 11:28:38,349 [34] INFO  dotnetapp.Controllers.AuthenticationController - User with ID 2 fetched successfully.
2025-04-20 11:28:38,613 [23] INFO  dotnetapp.Controllers.AuthenticationController - Received request to fetch details for userId: 2
2025-04-20 11:28:38,614 [20] INFO  dotnetapp.Controllers.AuthenticationController - User with ID 2 fetched successfully.
2025-04-20 11:28:38,896 [30] INFO  dotnetapp.Controllers.AuthenticationController - Received request to fetch details for userId: 2
2025-04-20 11:28:38,898 [34] INFO  dotnetapp.Controllers.AuthenticationController - User with ID 2 fetched successfully.
2025-04-20 11:28:39,160 [34] INFO  dotnetapp.Controllers.AuthenticationController - Received request to fetch details for userId: 2
2025-04-20 11:28:39,162 [34] INFO  dotnetapp.Controllers.AuthenticationController - User with ID 2 fetched successfully.
2025-04-20 11:32:59,974 [66] INFO  dotnetapp.Controllers.AuthenticationController - Received request to fetch details for userId: 2
2025-04-20 11:32:59,976 [67] INFO  dotnetapp.Controllers.AuthenticationController - User with ID 2 fetched successfully.
2025-04-20 11:33:00,371 [70] INFO  dotnetapp.Controllers.AuthenticationController - Received request to fetch details for userId: 2
2025-04-20 11:33:00,373 [68] INFO  dotnetapp.Controllers.AuthenticationController - User with ID 2 fetched successfully.
2025-04-20 11:33:00,764 [67] INFO  dotnetapp.Controllers.AuthenticationController - Received request to fetch details for userId: 2
2025-04-20 11:33:00,765 [67] INFO  dotnetapp.Controllers.AuthenticationController - User with ID 2 fetched successfully.
2025-04-20 11:33:01,160 [70] INFO  dotnetapp.Controllers.AuthenticationController - Received request to fetch details for userId: 2
2025-04-20 11:33:01,162 [71] INFO  dotnetapp.Controllers.AuthenticationController - User with ID 2 fetched successfully.
2025-04-20 11:33:01,564 [70] INFO  dotnetapp.Controllers.AuthenticationController - Received request to fetch details for userId: 2
2025-04-20 11:33:01,565 [68] INFO  dotnetapp.Controllers.AuthenticationController - User with ID 2 fetched successfully.
2025-04-20 11:33:01,950 [70] INFO  dotnetapp.Controllers.AuthenticationController - Received request to fetch details for userId: 2
2025-04-20 11:33:01,952 [70] INFO  dotnetapp.Controllers.AuthenticationController - User with ID 2 fetched successfully.
2025-04-20 11:37:35,321 [87] INFO  dotnetapp.Controllers.AuthenticationController - Received request to fetch details for userId: 2
2025-04-20 11:37:35,474 [88] INFO  dotnetapp.Controllers.AuthenticationController - User with ID 2 fetched successfully.
2025-04-20 11:37:35,873 [88] INFO  dotnetapp.Controllers.AuthenticationController - Received request to fetch details for userId: 2
2025-04-20 11:37:35,876 [88] INFO  dotnetapp.Controllers.AuthenticationController - User with ID 2 fetched successfully.
2025-04-20 11:37:36,325 [91] INFO  dotnetapp.Controllers.AuthenticationController - Received request to fetch details for userId: 2
2025-04-20 11:37:36,327 [91] INFO  dotnetapp.Controllers.AuthenticationController - User with ID 2 fetched successfully.
2025-04-20 11:37:36,715 [91] INFO  dotnetapp.Controllers.AuthenticationController - Received request to fetch details for userId: 2
2025-04-20 11:37:36,717 [91] INFO  dotnetapp.Controllers.AuthenticationController - User with ID 2 fetched successfully.
2025-04-20 11:37:37,277 [88] INFO  dotnetapp.Controllers.AuthenticationController - Received request to fetch details for userId: 2
2025-04-20 11:37:37,278 [86] INFO  dotnetapp.Controllers.AuthenticationController - User with ID 2 fetched successfully.
2025-04-20 11:37:37,670 [87] INFO  dotnetapp.Controllers.AuthenticationController - Received request to fetch details for userId: 2
2025-04-20 11:37:37,672 [86] INFO  dotnetapp.Controllers.AuthenticationController - User with ID 2 fetched successfully.
2025-04-20 11:38:05,956 [92] INFO  dotnetapp.Controllers.AuthenticationController - Received request to fetch details for userId: 2
2025-04-20 11:38:05,957 [87] INFO  dotnetapp.Controllers.AuthenticationController - User with ID 2 fetched successfully.
2025-04-20 11:38:06,688 [92] INFO  dotnetapp.Controllers.AuthenticationController - Received request to fetch details for userId: 2
2025-04-20 11:38:06,689 [94] INFO  dotnetapp.Controllers.AuthenticationController - User with ID 2 fetched successfully.
2025-04-20 11:38:07,063 [95] INFO  dotnetapp.Controllers.AuthenticationController - Received request to fetch details for userId: 2
2025-04-20 11:38:07,065 [94] INFO  dotnetapp.Controllers.AuthenticationController - User with ID 2 fetched successfully.
2025-04-20 11:38:07,402 [94] INFO  dotnetapp.Controllers.AuthenticationController - Received request to fetch details for userId: 2
2025-04-20 11:38:07,403 [86] INFO  dotnetapp.Controllers.AuthenticationController - User with ID 2 fetched successfully.
2025-04-20 11:38:07,908 [92] INFO  dotnetapp.Controllers.AuthenticationController - Received request to fetch details for userId: 2
2025-04-20 11:38:07,909 [95] INFO  dotnetapp.Controllers.AuthenticationController - User with ID 2 fetched successfully.
2025-04-20 11:38:08,265 [92] INFO  dotnetapp.Controllers.AuthenticationController - Received request to fetch details for userId: 2
2025-04-20 11:38:08,267 [96] INFO  dotnetapp.Controllers.AuthenticationController - User with ID 2 fetched successfully.
2025-04-20 11:38:11,505 [87] INFO  dotnetapp.Controllers.AuthenticationController - Received request to fetch details for userId: 2
2025-04-20 11:38:11,507 [87] INFO  dotnetapp.Controllers.AuthenticationController - User with ID 2 fetched successfully.
2025-04-20 11:39:51,780 [91] INFO  dotnetapp.Controllers.AuthenticationController - Received request to fetch details for userId: 2
2025-04-20 11:39:51,782 [92] INFO  dotnetapp.Controllers.AuthenticationController - User with ID 2 fetched successfully.
2025-04-20 11:41:06,076 [92] INFO  dotnetapp.Controllers.AuthenticationController - Received request to fetch details for userId: 2
2025-04-20 11:41:06,077 [92] INFO  dotnetapp.Controllers.AuthenticationController - User with ID 2 fetched successfully.
2025-04-20 11:42:01,836 [36] INFO  dotnetapp.Controllers.AuthenticationController - Received request to fetch details for userId: 2
2025-04-20 11:42:01,839 [19] INFO  dotnetapp.Controllers.AuthenticationController - User with ID 2 fetched successfully.
2025-04-20 11:42:14,073 [86] INFO  dotnetapp.Controllers.AuthenticationController - Received request to fetch details for userId: 2
2025-04-20 11:42:14,075 [19] INFO  dotnetapp.Controllers.AuthenticationController - User with ID 2 fetched successfully.
2025-04-20 11:46:18,774 [79] INFO  dotnetapp.Controllers.AuthenticationController - Received request to fetch details for userId: 2
2025-04-20 11:46:18,776 [79] INFO  dotnetapp.Controllers.AuthenticationController - User with ID 2 fetched successfully.
2025-04-20 11:47:33,690 [80] INFO  dotnetapp.Controllers.AuthenticationController - Received request to fetch details for userId: 2
2025-04-20 11:47:33,692 [77] INFO  dotnetapp.Controllers.AuthenticationController - User with ID 2 fetched successfully.
2025-04-20 11:48:03,875 [85] INFO  dotnetapp.Controllers.AuthenticationController - Received request to fetch details for userId: 2
2025-04-20 11:48:03,877 [85] INFO  dotnetapp.Controllers.AuthenticationController - User with ID 2 fetched successfully.
2025-04-20 11:48:17,991 [77] INFO  dotnetapp.Controllers.AuthenticationController - Received request to fetch details for userId: 2
2025-04-20 11:48:17,993 [77] INFO  dotnetapp.Controllers.AuthenticationController - User with ID 2 fetched successfully.
2025-04-20 11:48:55,098 [82] INFO  dotnetapp.Controllers.AuthenticationController - Received request to fetch details for userId: 2
2025-04-20 11:48:55,100 [81] INFO  dotnetapp.Controllers.AuthenticationController - User with ID 2 fetched successfully.
2025-04-20 12:12:39,889 [12] INFO  dotnetapp.Controllers.AuthenticationController - Received request to fetch details for userId: 2
2025-04-20 12:12:39,903 [22] INFO  dotnetapp.Controllers.AuthenticationController - User with ID 2 fetched successfully.
2025-04-20 12:14:39,169 [24] INFO  dotnetapp.Controllers.AuthenticationController - Received request to fetch details for userId: 2
2025-04-20 12:14:39,171 [24] INFO  dotnetapp.Controllers.AuthenticationController - User with ID 2 fetched successfully.
2025-04-20 12:14:50,299 [21] INFO  dotnetapp.Controllers.AuthenticationController - Received request to fetch details for userId: 2
2025-04-20 12:14:50,300 [21] INFO  dotnetapp.Controllers.AuthenticationController - User with ID 2 fetched successfully.
2025-04-20 12:15:16,907 [23] INFO  dotnetapp.Controllers.AuthenticationController - Received request to fetch details for userId: 2
2025-04-20 12:15:16,923 [23] INFO  dotnetapp.Controllers.AuthenticationController - User with ID 2 fetched successfully.
2025-04-20 12:15:25,819 [24] INFO  dotnetapp.Controllers.AuthenticationController - Received request to fetch details for userId: 2
2025-04-20 12:15:25,820 [22] INFO  dotnetapp.Controllers.AuthenticationController - User with ID 2 fetched successfully.
2025-04-20 12:39:30,299 [115] INFO  dotnetapp.Controllers.AuthenticationController - Received login request for email: nklsanthosh03@gmail.com
2025-04-20 12:39:31,001 [114] INFO  dotnetapp.Controllers.AuthenticationController - Login successful for email: nklsanthosh03@gmail.com
2025-04-20 12:42:25,411 [125] INFO  dotnetapp.Controllers.AuthenticationController - Received registration request for email: Test1@gmail.com
2025-04-20 12:42:25,858 [124] INFO  dotnetapp.Controllers.AuthenticationController - Registration successful for email: Test1@gmail.com
2025-04-20 12:42:27,803 [125] INFO  dotnetapp.Controllers.AuthenticationController - Received registration request for email: Test1@gmail.com
2025-04-20 12:42:28,272 [125] INFO  dotnetapp.Controllers.AuthenticationController - Registration successful for email: Test1@gmail.com
2025-04-20 12:42:52,563 [130] INFO  dotnetapp.Controllers.AuthenticationController - Received registration request for email: Test1@gmail.com
2025-04-20 12:42:52,996 [124] INFO  dotnetapp.Controllers.AuthenticationController - Registration successful for email: Test1@gmail.com
2025-04-20 12:42:53,048 [131] INFO  dotnetapp.Controllers.AuthenticationController - Received registration request for email: Test1@gmail.com
2025-04-20 12:42:53,443 [128] INFO  dotnetapp.Controllers.AuthenticationController - Received registration request for email: Test1@gmail.com
2025-04-20 12:42:53,466 [131] INFO  dotnetapp.Controllers.AuthenticationController - Registration successful for email: Test1@gmail.com
2025-04-20 12:42:53,468 [131] INFO  dotnetapp.Controllers.AuthenticationController - Received registration request for email: Test1@gmail.com
2025-04-20 12:42:53,812 [128] INFO  dotnetapp.Controllers.AuthenticationController - Received registration request for email: Test1@gmail.com
2025-04-20 12:42:54,011 [131] INFO  dotnetapp.Controllers.AuthenticationController - Registration successful for email: Test1@gmail.com
2025-04-20 12:42:54,012 [131] INFO  dotnetapp.Controllers.AuthenticationController - Received registration request for email: Test1@gmail.com
2025-04-20 12:42:54,013 [131] INFO  dotnetapp.Controllers.AuthenticationController - Received registration request for email: Test1@gmail.com
2025-04-20 12:42:54,014 [131] INFO  dotnetapp.Controllers.AuthenticationController - Received registration request for email: Test1@gmail.com
2025-04-20 12:42:54,021 [131] INFO  dotnetapp.Controllers.AuthenticationController - Registration successful for email: Test1@gmail.com
2025-04-20 12:42:54,519 [131] INFO  dotnetapp.Controllers.AuthenticationController - Registration successful for email: Test1@gmail.com
2025-04-20 12:42:54,525 [131] ERROR dotnetapp.Controllers.AuthenticationController - An error occurred during registration for email: Test1@gmail.com
Microsoft.EntityFrameworkCore.DbUpdateConcurrencyException: The database operation was expected to affect 1 row(s), but actually affected 0 row(s); data may have been modified or deleted since entities were loaded. See http://go.microsoft.com/fwlink/?LinkId=527962 for information on understanding and handling optimistic concurrency exceptions.
   at Microsoft.EntityFrameworkCore.Update.AffectedCountModificationCommandBatch.ThrowAggregateUpdateConcurrencyException(Int32 commandIndex, Int32 expectedRowsAffected, Int32 rowsAffected)
   at Microsoft.EntityFrameworkCore.Update.AffectedCountModificationCommandBatch.ConsumeResultSetWithoutPropagationAsync(Int32 commandIndex, RelationalDataReader reader, CancellationToken cancellationToken)
   at Microsoft.EntityFrameworkCore.Update.AffectedCountModificationCommandBatch.ConsumeAsync(RelationalDataReader reader, CancellationToken cancellationToken)
   at Microsoft.EntityFrameworkCore.Update.ReaderModificationCommandBatch.ExecuteAsync(IRelationalConnection connection, CancellationToken cancellationToken)
   at Microsoft.EntityFrameworkCore.Update.ReaderModificationCommandBatch.ExecuteAsync(IRelationalConnection connection, CancellationToken cancellationToken)
   at Microsoft.EntityFrameworkCore.Update.Internal.BatchExecutor.ExecuteAsync(IEnumerable`1 commandBatches, IRelationalConnection connection, CancellationToken cancellationToken)
   at Microsoft.EntityFrameworkCore.Update.Internal.BatchExecutor.ExecuteAsync(IEnumerable`1 commandBatches, IRelationalConnection connection, CancellationToken cancellationToken)
   at Microsoft.EntityFrameworkCore.Update.Internal.BatchExecutor.ExecuteAsync(IEnumerable`1 commandBatches, IRelationalConnection connection, CancellationToken cancellationToken)
   at Microsoft.EntityFrameworkCore.ChangeTracking.Internal.StateManager.SaveChangesAsync(IList`1 entriesToSave, CancellationToken cancellationToken)
   at Microsoft.EntityFrameworkCore.ChangeTracking.Internal.StateManager.SaveChangesAsync(StateManager stateManager, Boolean acceptAllChangesOnSuccess, CancellationToken cancellationToken)
   at Microsoft.EntityFrameworkCore.SqlServer.Storage.Internal.SqlServerExecutionStrategy.ExecuteAsync[TState,TResult](TState state, Func`4 operation, Func`4 verifySucceeded, CancellationToken cancellationToken)
   at Microsoft.EntityFrameworkCore.DbContext.SaveChangesAsync(Boolean acceptAllChangesOnSuccess, CancellationToken cancellationToken)
   at Microsoft.EntityFrameworkCore.DbContext.SaveChangesAsync(Boolean acceptAllChangesOnSuccess, CancellationToken cancellationToken)
   at dotnetapp.Services.OtpService.GenerateOtpAsync(String email) in /home/coder/project/workspace/dotnetapp/Services/OtpService.cs:line 32
   at dotnetapp.Services.AuthService.Registration(User model) in /home/coder/project/workspace/dotnetapp/Services/AuthService.cs:line 33
   at dotnetapp.Controllers.AuthenticationController.Register(User model) in /home/coder/project/workspace/dotnetapp/Controllers/AuthenticationController.cs:line 36
2025-04-20 12:42:54,577 [131] INFO  dotnetapp.Controllers.AuthenticationController - Registration successful for email: Test1@gmail.com
2025-04-20 12:42:54,577 [131] INFO  dotnetapp.Controllers.AuthenticationController - Received registration request for email: Test1@gmail.com
2025-04-20 12:42:54,850 [128] INFO  dotnetapp.Controllers.AuthenticationController - Received registration request for email: Test1@gmail.com
2025-04-20 12:42:55,041 [131] INFO  dotnetapp.Controllers.AuthenticationController - Registration successful for email: Test1@gmail.com
2025-04-20 12:42:55,051 [131] INFO  dotnetapp.Controllers.AuthenticationController - Registration successful for email: Test1@gmail.com
2025-04-20 12:42:55,114 [131] INFO  dotnetapp.Controllers.AuthenticationController - Received registration request for email: Test1@gmail.com
2025-04-20 12:42:55,119 [131] INFO  dotnetapp.Controllers.AuthenticationController - Received registration request for email: Test1@gmail.com
2025-04-20 12:42:55,479 [128] INFO  dotnetapp.Controllers.AuthenticationController - Registration successful for email: Test1@gmail.com
2025-04-20 12:42:55,750 [129] INFO  dotnetapp.Controllers.AuthenticationController - Registration successful for email: Test1@gmail.com
2025-04-20 12:42:56,362 [124] INFO  dotnetapp.Controllers.AuthenticationController - Registration successful for email: Test1@gmail.com
2025-04-20 12:43:07,063 [130] INFO  dotnetapp.Controllers.AuthenticationController - Received registration request for email: Test1@gmail.com
2025-04-20 12:43:07,497 [128] INFO  dotnetapp.Controllers.AuthenticationController - Registration successful for email: Test1@gmail.com
2025-04-20 12:58:25,809 [62] INFO  dotnetapp.Controllers.AuthenticationController - Received registration request for email: test2@gmail.com
2025-04-20 12:58:26,308 [62] INFO  dotnetapp.Controllers.AuthenticationController - Registration successful for email: test2@gmail.com
2025-04-20 12:58:31,338 [62] INFO  dotnetapp.Controllers.AuthenticationController - Received registration request for email: test2@gmail.com
2025-04-20 12:58:31,731 [64] INFO  dotnetapp.Controllers.AuthenticationController - Registration successful for email: test2@gmail.com
2025-04-20 12:58:45,402 [57] INFO  dotnetapp.Controllers.AuthenticationController - Received registration request for email: test2@gmail.com
2025-04-20 12:58:45,816 [66] INFO  dotnetapp.Controllers.AuthenticationController - Registration successful for email: test2@gmail.com
2025-04-20 12:58:54,416 [57] INFO  dotnetapp.Controllers.AuthenticationController - Received OTP verification request for email: test2@gmail.com
2025-04-20 12:58:54,424 [57] WARN  dotnetapp.Controllers.AuthenticationController - OTP verification failed for email: test2@gmail.com. Reason: Invalid or expired OTP.
2025-04-20 12:59:00,130 [64] INFO  dotnetapp.Controllers.AuthenticationController - Received registration request for email: test2@gmail.com
2025-04-20 12:59:00,520 [64] INFO  dotnetapp.Controllers.AuthenticationController - Registration successful for email: test2@gmail.com
2025-04-20 13:02:03,452 [39] INFO  dotnetapp.Controllers.AuthenticationController - Received forgot-password request for email: test1@gmail.com
2025-04-20 13:02:03,464 [41] WARN  dotnetapp.Controllers.AuthenticationController - Forgot-password request failed for email: test1@gmail.com. Reason: User with provided email does not exist.
2025-04-20 13:02:18,935 [39] INFO  dotnetapp.Controllers.AuthenticationController - Received login request for email: nklsanthosh03@gmail.com
2025-04-20 13:02:19,424 [41] INFO  dotnetapp.Controllers.AuthenticationController - Login successful for email: nklsanthosh03@gmail.com
2025-04-20 13:05:39,824 [23] INFO  dotnetapp.Controllers.AuthenticationController - Received login request for email: nklsanthosh03@gmail.com
2025-04-20 13:05:40,347 [11] INFO  dotnetapp.Controllers.AuthenticationController - Login successful for email: nklsanthosh03@gmail.com
2025-04-20 13:22:07,667 [19] INFO  dotnetapp.Controllers.AuthenticationController - Received login request for email: deepikasankar973@gmail.com
2025-04-20 13:22:10,157 [19] INFO  dotnetapp.Controllers.AuthenticationController - Login successful for email: deepikasankar973@gmail.com
2025-04-20 13:26:04,815 [29] INFO  dotnetapp.Controllers.AuthenticationController - Received login request for email: deepikasankar973@gmail.com
2025-04-20 13:26:05,346 [25] INFO  dotnetapp.Controllers.AuthenticationController - Login successful for email: deepikasankar973@gmail.com
2025-04-20 13:28:28,868 [38] INFO  dotnetapp.Controllers.AuthenticationController - Received forgot-password request for email: deepikasankar973@gmail.com
2025-04-20 13:28:29,402 [38] INFO  dotnetapp.Controllers.AuthenticationController - Forgot-password request successful for email: deepikasankar973@gmail.com
2025-04-20 13:50:57,328 [104] INFO  dotnetapp.Controllers.AuthenticationController - Received login request for email: deepikasankar973@gmail.com
2025-04-20 13:50:57,892 [106] INFO  dotnetapp.Controllers.AuthenticationController - Login successful for email: deepikasankar973@gmail.com
2025-04-20 13:51:46,351 [104] INFO  dotnetapp.Controllers.AuthenticationController - Received forgot-password request for email: deepikasankar973@gmail.com
2025-04-20 13:51:46,834 [104] INFO  dotnetapp.Controllers.AuthenticationController - Forgot-password request successful for email: deepikasankar973@gmail.com
2025-04-20 13:55:05,363 [88] INFO  dotnetapp.Controllers.AuthenticationController - Received forgot-password request for email: deepikasankar973@gmail.com
2025-04-20 13:55:05,832 [89] INFO  dotnetapp.Controllers.AuthenticationController - Forgot-password request successful for email: deepikasankar973@gmail.com
2025-04-20 13:57:44,634 [75] INFO  dotnetapp.Controllers.AuthenticationController - Received forgot-password request for email: deepikasankar973@gmail.com
2025-04-20 13:57:45,123 [75] INFO  dotnetapp.Controllers.AuthenticationController - Forgot-password request successful for email: deepikasankar973@gmail.com
2025-04-20 14:00:47,221 [63] INFO  dotnetapp.Controllers.AuthenticationController - Received forgot-password request for email: deepikasankar973@gmail.com
2025-04-20 14:00:47,677 [61] INFO  dotnetapp.Controllers.AuthenticationController - Forgot-password request successful for email: deepikasankar973@gmail.com
2025-04-20 14:02:51,778 [59] INFO  dotnetapp.Controllers.AuthenticationController - Received forgot-password request for email: deepikaitsit@gmail.com
2025-04-20 14:02:52,356 [54] INFO  dotnetapp.Controllers.AuthenticationController - Forgot-password request successful for email: deepikaitsit@gmail.com
2025-04-20 14:04:14,086 [51] INFO  dotnetapp.Controllers.AuthenticationController - Received forgot-password request for email: deepikaitsit@gmail.com
2025-04-20 14:04:14,727 [49] INFO  dotnetapp.Controllers.AuthenticationController - Forgot-password request successful for email: deepikaitsit@gmail.com
2025-04-20 14:04:55,891 [48] INFO  dotnetapp.Controllers.AuthenticationController - Received forgot-password request for email: deepikaitsit@gmail.com
2025-04-20 14:04:56,459 [45] INFO  dotnetapp.Controllers.AuthenticationController - Forgot-password request successful for email: deepikaitsit@gmail.com
